<?xml version="1.0" encoding="UTF-8"?>
<testng-results ignored="0" total="1" passed="1" failed="0" skipped="0">
  <reporter-output>
  </reporter-output>
  <suite started-at="2020-04-30T16:05:49 IST" name="Default suite" finished-at="2020-04-30T16:05:51 IST" duration-ms="2121">
    <groups>
    </groups>
    <test started-at="2020-04-30T16:05:49 IST" name="Default test" finished-at="2020-04-30T16:05:51 IST" duration-ms="2121">
      <class name="dynamics.SumValidation">
        <test-method signature="sumOfCourses()[pri:0, instance:dynamics.SumValidation@5ad851c9]" started-at="2020-04-30T16:05:49 IST" name="sumOfCourses" finished-at="2020-04-30T16:05:51 IST" duration-ms="2029" status="PASS">
          <reporter-output>
          </reporter-output>
        </test-method> <!-- sumOfCourses -->
      </class> <!-- dynamics.SumValidation -->
    </test> <!-- Default test -->
  </suite> <!-- Default suite -->
</testng-results>
